

Microchip Technology PIC18 LITE Macro Assembler V1.38 build -256452561 
                                                                                               Fri Mar 22 15:08:29 2019

Microchip Technology Omniscient Code Generator v1.38 (Free mode) build 201607010351
     1                           	processor	18F452
     2                           	fnconf	rparam,??,?,0
     3                           	opt	pw 120
     4                           	opt	lm
     5                           	psect	cinit,global,reloc=2,class=CODE,delta=1
     6                           	psect	bssCOMRAM,global,class=COMRAM,space=1,delta=1
     7                           	psect	cstackCOMRAM,global,class=COMRAM,space=1,delta=1
     8                           	psect	text0,global,reloc=2,class=CODE,delta=1
     9                           	psect	text1,global,reloc=2,class=CODE,delta=1
    10                           	psect	text2,global,reloc=2,class=CODE,delta=1
    11                           	psect	intcode,global,reloc=2,class=CODE,delta=1
    12                           	psect	text4,global,reloc=2,class=CODE,delta=1
    13                           	psect	intsave_regs,global,class=BIGRAM,space=1,delta=1
    14                           	psect	rparam,global,class=COMRAM,space=1,delta=1
    15                           	psect	temp,global,ovrld,common,class=COMRAM,space=1,delta=1
    16  0000                     _ADCON1bits	set	4033
    17  0000                     _INTCONbits	set	4082
    18  0000                     _PIE1bits	set	3997
    19  0000                     _PORTA	set	3968
    20  0000                     _PORTB	set	3969
    21  0000                     _PORTC	set	3970
    22  0000                     _PORTD	set	3971
    23  0000                     _PORTE	set	3972
    24  0000                     _RCREG	set	4014
    25  0000                     _RCSTA	set	4011
    26  0000                     _RCSTAbits	set	4011
    27  0000                     _SPBRG	set	4015
    28  0000                     _TRISA	set	3986
    29  0000                     _TRISB	set	3987
    30  0000                     _TRISC	set	3988
    31  0000                     _TRISD	set	3989
    32  0000                     _TRISE	set	3990
    33  0000                     _TXREG	set	4013
    34  0000                     _TXSTAbits	set	4012
    35  0000                     _RCIF	set	31989
    36                           
    37                           ; #config settings
    38  0000                     
    39                           	psect	cinit
    40  00010C                     __pcinit:
    41                           	opt stack 0
    42  00010C                     start_initialization:
    43                           	opt stack 0
    44  00010C                     __initialization:
    45                           	opt stack 0
    46                           
    47                           ; Clear objects allocated to COMRAM (9 bytes)
    48  00010C  EE00  F00F         	lfsr	0,__pbssCOMRAM
    49  000110  0E09               	movlw	9
    50  000112                     clear_0:
    51  000112  6AEE               	clrf	postinc0,c
    52  000114  06E8               	decf	wreg,f,c
    53  000116  E1FD               	bnz	clear_0
    54  000118                     end_of_initialization:
    55                           	opt stack 0
    56  000118                     __end_of__initialization:
    57                           	opt stack 0
    58  000118  9018               	bcf	int$flags,0,c	;clear compiler interrupt flag (level 1)
    59  00011A  9218               	bcf	int$flags,1,c	;clear compiler interrupt flag (level 2)
    60  00011C  0100               	movlb	0
    61  00011E  EF5D  F000         	goto	_main	;jump to C main() function
    62                           postinc0	equ	0xFEE
    63                           wreg	equ	0xFE8
    64                           
    65                           	psect	bssCOMRAM
    66  00000F                     __pbssCOMRAM:
    67                           	opt stack 0
    68  00000F                     _rec_dat:
    69                           	opt stack 0
    70  00000F                     	ds	4
    71  000013                     _i:
    72                           	opt stack 0
    73  000013                     	ds	2
    74  000015                     _data:
    75                           	opt stack 0
    76  000015                     	ds	1
    77  000016                     _go:
    78                           	opt stack 0
    79  000016                     	ds	1
    80  000017                     _recv_Dat:
    81                           	opt stack 0
    82  000017                     	ds	1
    83                           postinc0	equ	0xFEE
    84                           wreg	equ	0xFE8
    85                           
    86                           	psect	cstackCOMRAM
    87  000001                     __pcstackCOMRAM:
    88                           	opt stack 0
    89  000001                     ??_isr:
    90  000001                     
    91                           ; 1 bytes @ 0x0
    92  000001                     	ds	14
    93  00000F                     postinc0	equ	0xFEE
    94                           wreg	equ	0xFE8
    95                           
    96                           ; 1 bytes @ 0xE
    97 ;;
    98 ;;Main: autosize = 0, tempsize = 0, incstack = 0, save=0
    99 ;;
   100 ;; *************** function _main *****************
   101 ;; Defined at:
   102 ;;		line 122 in file "RIMS_4_BYTE_RECIEVER.c"
   103 ;; Parameters:    Size  Location     Type
   104 ;;		None
   105 ;; Auto vars:     Size  Location     Type
   106 ;;		None
   107 ;; Return value:  Size  Location     Type
   108 ;;                  1    wreg      void 
   109 ;; Registers used:
   110 ;;		wreg, status,2, status,0, cstack
   111 ;; Tracked objects:
   112 ;;		On entry : 0/0
   113 ;;		On exit  : 0/0
   114 ;;		Unchanged: 0/0
   115 ;; Data sizes:     COMRAM   BANK0   BANK1   BANK2   BANK3   BANK4   BANK5
   116 ;;      Params:         0       0       0       0       0       0       0
   117 ;;      Locals:         0       0       0       0       0       0       0
   118 ;;      Temps:          0       0       0       0       0       0       0
   119 ;;      Totals:         0       0       0       0       0       0       0
   120 ;;Total ram usage:        0 bytes
   121 ;; Hardware stack levels required when called:    3
   122 ;; This function calls:
   123 ;;		_Init_Serial
   124 ;;		_Init_interrupts
   125 ;; This function is called by:
   126 ;;		Startup code after reset
   127 ;; This function uses a non-reentrant model
   128 ;;
   129                           
   130                           	psect	text0
   131  0000BA                     __ptext0:
   132                           	opt stack 0
   133  0000BA                     _main:
   134                           	opt stack 0
   135  0000BA  FFFF               	dw	65535	; assembler added errata NOP
   136                           
   137                           ;RIMS_4_BYTE_RECIEVER.c: 126: TRISE=0;
   138                           
   139                           ;incstack = 0
   140  0000BC  0E00               	movlw	0
   141  0000BE  6E96               	movwf	3990,c	;volatile
   142                           
   143                           ;RIMS_4_BYTE_RECIEVER.c: 127: ADCON1bits.PCFG3=0;
   144  0000C0  96C1               	bcf	4033,3,c	;volatile
   145                           
   146                           ;RIMS_4_BYTE_RECIEVER.c: 128: ADCON1bits.PCFG2=1;
   147  0000C2  84C1               	bsf	4033,2,c	;volatile
   148                           
   149                           ;RIMS_4_BYTE_RECIEVER.c: 129: ADCON1bits.PCFG1=1;
   150  0000C4  82C1               	bsf	4033,1,c	;volatile
   151                           
   152                           ;RIMS_4_BYTE_RECIEVER.c: 130: ADCON1bits.PCFG0=0;
   153  0000C6  90C1               	bcf	4033,0,c	;volatile
   154                           
   155                           ;RIMS_4_BYTE_RECIEVER.c: 132: TRISA=0;
   156  0000C8  0E00               	movlw	0
   157  0000CA  6E92               	movwf	3986,c	;volatile
   158                           
   159                           ;RIMS_4_BYTE_RECIEVER.c: 133: TRISB=0;
   160  0000CC  0E00               	movlw	0
   161  0000CE  6E93               	movwf	3987,c	;volatile
   162                           
   163                           ;RIMS_4_BYTE_RECIEVER.c: 134: TRISD=0;
   164  0000D0  0E00               	movlw	0
   165  0000D2  6E95               	movwf	3989,c	;volatile
   166                           
   167                           ;RIMS_4_BYTE_RECIEVER.c: 135: TRISC=0b10000000;
   168  0000D4  0E80               	movlw	128
   169  0000D6  6E94               	movwf	3988,c	;volatile
   170                           
   171                           ;RIMS_4_BYTE_RECIEVER.c: 137: Init_Serial();
   172  0000D8  EC9B  F000         	call	_Init_Serial	;wreg free
   173                           
   174                           ;RIMS_4_BYTE_RECIEVER.c: 138: Init_interrupts();
   175  0000DC  ECA4  F000         	call	_Init_interrupts	;wreg free
   176  0000E0                     l739:
   177  0000E0  FFFF               	dw	65535	; assembler added errata NOP
   178  0000E2  5016               	movf	_go,w,c	;volatile
   179  0000E4  B4D8               	btfsc	status,2,c
   180  0000E6  D7FC               	goto	l739
   181                           
   182                           ;RIMS_4_BYTE_RECIEVER.c: 144: PORTD=rec_dat[0];
   183  0000E8  C00F  FF83         	movff	_rec_dat,3971	;volatile
   184                           
   185                           ;RIMS_4_BYTE_RECIEVER.c: 145: PORTB=rec_dat[1];
   186  0000EC  C010  FF81         	movff	_rec_dat+1,3969	;volatile
   187                           
   188                           ;RIMS_4_BYTE_RECIEVER.c: 146: PORTE=(rec_dat[2]&(0x07));
   189  0000F0  5011               	movf	_rec_dat+2,w,c
   190  0000F2  0B07               	andlw	7
   191  0000F4  6E84               	movwf	3972,c	;volatile
   192                           
   193                           ;RIMS_4_BYTE_RECIEVER.c: 147: PORTC=(rec_dat[2]&(0xf8))>>3;
   194  0000F6  3811               	swapf	_rec_dat+2,w,c
   195  0000F8  46E8               	rlncf	wreg,f,c
   196  0000FA  0B1F               	andlw	31
   197  0000FC  0B1F               	andlw	31
   198  0000FE  6E82               	movwf	3970,c	;volatile
   199                           
   200                           ;RIMS_4_BYTE_RECIEVER.c: 148: PORTA=(rec_dat[3]&(0x7f));
   201  000100  5012               	movf	_rec_dat+3,w,c
   202  000102  0B7F               	andlw	127
   203  000104  6E80               	movwf	3968,c	;volatile
   204                           
   205                           ;RIMS_4_BYTE_RECIEVER.c: 149: go=0;
   206  000106  0E00               	movlw	0
   207  000108  6E16               	movwf	_go,c	;volatile
   208  00010A  D7EA               	goto	l739
   209  00010C                     __end_of_main:
   210                           	opt stack 0
   211                           postinc0	equ	0xFEE
   212                           wreg	equ	0xFE8
   213                           status	equ	0xFD8
   214                           
   215 ;; *************** function _Init_interrupts *****************
   216 ;; Defined at:
   217 ;;		line 97 in file "RIMS_4_BYTE_RECIEVER.c"
   218 ;; Parameters:    Size  Location     Type
   219 ;;		None
   220 ;; Auto vars:     Size  Location     Type
   221 ;;		None
   222 ;; Return value:  Size  Location     Type
   223 ;;                  1    wreg      void 
   224 ;; Registers used:
   225 ;;		None
   226 ;; Tracked objects:
   227 ;;		On entry : 0/0
   228 ;;		On exit  : 0/0
   229 ;;		Unchanged: 0/0
   230 ;; Data sizes:     COMRAM   BANK0   BANK1   BANK2   BANK3   BANK4   BANK5
   231 ;;      Params:         0       0       0       0       0       0       0
   232 ;;      Locals:         0       0       0       0       0       0       0
   233 ;;      Temps:          0       0       0       0       0       0       0
   234 ;;      Totals:         0       0       0       0       0       0       0
   235 ;;Total ram usage:        0 bytes
   236 ;; Hardware stack levels used:    1
   237 ;; Hardware stack levels required when called:    2
   238 ;; This function calls:
   239 ;;		Nothing
   240 ;; This function is called by:
   241 ;;		_main
   242 ;; This function uses a non-reentrant model
   243 ;;
   244                           
   245                           	psect	text1
   246  000148                     __ptext1:
   247                           	opt stack 0
   248  000148                     _Init_interrupts:
   249                           	opt stack 0
   250  000148  FFFF               	dw	65535	; assembler added errata NOP
   251                           
   252                           ;RIMS_4_BYTE_RECIEVER.c: 99: INTCONbits.PEIE =1;
   253                           
   254                           ;incstack = 0
   255  00014A  8CF2               	bsf	intcon,6,c	;volatile
   256                           
   257                           ;RIMS_4_BYTE_RECIEVER.c: 100: INTCONbits.GIE = 1;
   258  00014C  8EF2               	bsf	intcon,7,c	;volatile
   259                           
   260                           ;RIMS_4_BYTE_RECIEVER.c: 101: PIE1bits.RCIE = 1;
   261  00014E  8A9D               	bsf	3997,5,c	;volatile
   262                           
   263                           ;RIMS_4_BYTE_RECIEVER.c: 102: RCIF=0;
   264  000150  9A9E               	bcf	3998,5,c	;volatile
   265  000152  0012               	return		;funcret
   266  000154  FFFF               	dw	65535	; errata NOP
   267  000156                     __end_of_Init_interrupts:
   268                           	opt stack 0
   269                           intcon	equ	0xFF2
   270                           postinc0	equ	0xFEE
   271                           wreg	equ	0xFE8
   272                           status	equ	0xFD8
   273                           
   274 ;; *************** function _Init_Serial *****************
   275 ;; Defined at:
   276 ;;		line 88 in file "RIMS_4_BYTE_RECIEVER.c"
   277 ;; Parameters:    Size  Location     Type
   278 ;;		None
   279 ;; Auto vars:     Size  Location     Type
   280 ;;		None
   281 ;; Return value:  Size  Location     Type
   282 ;;                  1    wreg      void 
   283 ;; Registers used:
   284 ;;		wreg, status,2
   285 ;; Tracked objects:
   286 ;;		On entry : 0/0
   287 ;;		On exit  : 0/0
   288 ;;		Unchanged: 0/0
   289 ;; Data sizes:     COMRAM   BANK0   BANK1   BANK2   BANK3   BANK4   BANK5
   290 ;;      Params:         0       0       0       0       0       0       0
   291 ;;      Locals:         0       0       0       0       0       0       0
   292 ;;      Temps:          0       0       0       0       0       0       0
   293 ;;      Totals:         0       0       0       0       0       0       0
   294 ;;Total ram usage:        0 bytes
   295 ;; Hardware stack levels used:    1
   296 ;; Hardware stack levels required when called:    2
   297 ;; This function calls:
   298 ;;		Nothing
   299 ;; This function is called by:
   300 ;;		_main
   301 ;; This function uses a non-reentrant model
   302 ;;
   303                           
   304                           	psect	text2
   305  000136                     __ptext2:
   306                           	opt stack 0
   307  000136                     _Init_Serial:
   308                           	opt stack 0
   309  000136  FFFF               	dw	65535	; assembler added errata NOP
   310                           
   311                           ;RIMS_4_BYTE_RECIEVER.c: 90: RCSTA = 0b10010000;
   312                           
   313                           ;incstack = 0
   314  000138  0E90               	movlw	144
   315  00013A  6EAB               	movwf	4011,c	;volatile
   316                           
   317                           ;RIMS_4_BYTE_RECIEVER.c: 92: SPBRG = 12;
   318  00013C  0E0C               	movlw	12
   319  00013E  6EAF               	movwf	4015,c	;volatile
   320                           
   321                           ;RIMS_4_BYTE_RECIEVER.c: 93: RCSTAbits.SPEN = 1;
   322  000140  8EAB               	bsf	4011,7,c	;volatile
   323                           
   324                           ;RIMS_4_BYTE_RECIEVER.c: 94: RCSTAbits.CREN = 1;
   325  000142  88AB               	bsf	4011,4,c	;volatile
   326  000144  0012               	return		;funcret
   327  000146  FFFF               	dw	65535	; errata NOP
   328  000148                     __end_of_Init_Serial:
   329                           	opt stack 0
   330                           intcon	equ	0xFF2
   331                           postinc0	equ	0xFEE
   332                           wreg	equ	0xFE8
   333                           status	equ	0xFD8
   334                           
   335 ;; *************** function _isr *****************
   336 ;; Defined at:
   337 ;;		line 71 in file "RIMS_4_BYTE_RECIEVER.c"
   338 ;; Parameters:    Size  Location     Type
   339 ;;		None
   340 ;; Auto vars:     Size  Location     Type
   341 ;;		None
   342 ;; Return value:  Size  Location     Type
   343 ;;                  1    wreg      void 
   344 ;; Registers used:
   345 ;;		wreg, fsr2l, fsr2h, status,2, status,0, prodl, prodh, cstack
   346 ;; Tracked objects:
   347 ;;		On entry : 0/0
   348 ;;		On exit  : 0/0
   349 ;;		Unchanged: 0/0
   350 ;; Data sizes:     COMRAM   BANK0   BANK1   BANK2   BANK3   BANK4   BANK5
   351 ;;      Params:         0       0       0       0       0       0       0
   352 ;;      Locals:         0       0       0       0       0       0       0
   353 ;;      Temps:         14       0       0       0       0       0       0
   354 ;;      Totals:        14       0       0       0       0       0       0
   355 ;;Total ram usage:       14 bytes
   356 ;; Hardware stack levels used:    1
   357 ;; Hardware stack levels required when called:    1
   358 ;; This function calls:
   359 ;;		_receive
   360 ;; This function is called by:
   361 ;;		Interrupt level 2
   362 ;; This function uses a non-reentrant model
   363 ;;
   364                           
   365                           	psect	intcode
   366  000008                     __pintcode:
   367                           	opt stack 0
   368  000008                     _isr:
   369                           	opt stack 0
   370  000008  FFFF               	dw	65535	; assembler added errata NOP
   371                           
   372                           ;incstack = 0
   373  00000A  8218               	bsf	btemp,1,c	;set compiler interrupt flag (level 2)
   374  00000C  CFFA F001          	movff	pclath,??_isr
   375  000010  CFFB F002          	movff	pclatu,??_isr+1
   376  000014  CFE9 F003          	movff	fsr0l,??_isr+2
   377  000018  CFEA F004          	movff	fsr0h,??_isr+3
   378  00001C  CFE1 F005          	movff	fsr1l,??_isr+4
   379  000020  CFE2 F006          	movff	fsr1h,??_isr+5
   380  000024  CFD9 F007          	movff	fsr2l,??_isr+6
   381  000028  CFDA F008          	movff	fsr2h,??_isr+7
   382  00002C  CFF3 F009          	movff	prodl,??_isr+8
   383  000030  CFF4 F00A          	movff	prodh,??_isr+9
   384  000034  CFF6 F00B          	movff	tblptrl,??_isr+10
   385  000038  CFF7 F00C          	movff	tblptrh,??_isr+11
   386  00003C  CFF8 F00D          	movff	tblptru,??_isr+12
   387  000040  CFF5 F00E          	movff	tablat,??_isr+13
   388                           
   389                           ;RIMS_4_BYTE_RECIEVER.c: 73: if(RCIF)
   390  000044  AA9E               	btfss	3998,5,c	;volatile
   391  000046  D017               	goto	i2l62
   392                           
   393                           ;RIMS_4_BYTE_RECIEVER.c: 74: {
   394                           ;RIMS_4_BYTE_RECIEVER.c: 75: rec_dat[data]=receive();
   395  000048  5015               	movf	_data,w,c
   396  00004A  0D01               	mullw	1
   397  00004C  0E0F               	movlw	low _rec_dat
   398  00004E  24F3               	addwf	prodl,w,c
   399  000050  6ED9               	movwf	fsr2l,c
   400  000052  0E00               	movlw	high _rec_dat
   401  000054  20F4               	addwfc	prodh,w,c
   402  000056  6EDA               	movwf	fsr2h,c
   403  000058  EC91  F000         	call	_receive	;wreg free
   404  00005C  6EDF               	movwf	indf2,c
   405                           
   406                           ;RIMS_4_BYTE_RECIEVER.c: 76: data=data+1;
   407  00005E  2815               	incf	_data,w,c
   408  000060  6E15               	movwf	_data,c
   409                           
   410                           ;RIMS_4_BYTE_RECIEVER.c: 77: if(data==4)
   411  000062  0E04               	movlw	4
   412  000064  1815               	xorwf	_data,w,c
   413  000066  A4D8               	btfss	status,2,c
   414  000068  D002               	goto	i2l61
   415                           
   416                           ;RIMS_4_BYTE_RECIEVER.c: 78: {
   417                           ;RIMS_4_BYTE_RECIEVER.c: 79: data=0;
   418  00006A  0E00               	movlw	0
   419  00006C  6E15               	movwf	_data,c
   420  00006E                     i2l61:
   421  00006E  FFFF               	dw	65535	; assembler added errata NOP
   422                           
   423                           ;RIMS_4_BYTE_RECIEVER.c: 80: }
   424                           ;RIMS_4_BYTE_RECIEVER.c: 81: go =1;
   425  000070  0E01               	movlw	1
   426  000072  6E16               	movwf	_go,c	;volatile
   427                           
   428                           ;RIMS_4_BYTE_RECIEVER.c: 82: RCIF=0;
   429  000074  9A9E               	bcf	3998,5,c	;volatile
   430  000076                     i2l62:
   431  000076  FFFF               	dw	65535	; assembler added errata NOP
   432  000078  C00E  FFF5         	movff	??_isr+13,tablat
   433  00007C  C00D  FFF8         	movff	??_isr+12,tblptru
   434  000080  C00C  FFF7         	movff	??_isr+11,tblptrh
   435  000084  C00B  FFF6         	movff	??_isr+10,tblptrl
   436  000088  C00A  FFF4         	movff	??_isr+9,prodh
   437  00008C  C009  FFF3         	movff	??_isr+8,prodl
   438  000090  C008  FFDA         	movff	??_isr+7,fsr2h
   439  000094  C007  FFD9         	movff	??_isr+6,fsr2l
   440  000098  C006  FFE2         	movff	??_isr+5,fsr1h
   441  00009C  C005  FFE1         	movff	??_isr+4,fsr1l
   442  0000A0  C004  FFEA         	movff	??_isr+3,fsr0h
   443  0000A4  C003  FFE9         	movff	??_isr+2,fsr0l
   444  0000A8  C002  FFFB         	movff	??_isr+1,pclatu
   445  0000AC  C001  FFFA         	movff	??_isr,pclath
   446  0000B0  9218               	bcf	btemp,1,c	;clear compiler interrupt flag (level 2)
   447  0000B2  0011               	retfie		f
   448  0000B4  FFFF               	dw	65535	; errata NOP
   449  0000B6                     __end_of_isr:
   450                           	opt stack 0
   451                           pclatu	equ	0xFFB
   452                           pclath	equ	0xFFA
   453                           tblptru	equ	0xFF8
   454                           tblptrh	equ	0xFF7
   455                           tblptrl	equ	0xFF6
   456                           tablat	equ	0xFF5
   457                           prodh	equ	0xFF4
   458                           prodl	equ	0xFF3
   459                           intcon	equ	0xFF2
   460                           postinc0	equ	0xFEE
   461                           fsr0h	equ	0xFEA
   462                           fsr0l	equ	0xFE9
   463                           wreg	equ	0xFE8
   464                           fsr1h	equ	0xFE2
   465                           fsr1l	equ	0xFE1
   466                           indf2	equ	0xFDF
   467                           fsr2h	equ	0xFDA
   468                           fsr2l	equ	0xFD9
   469                           status	equ	0xFD8
   470                           
   471 ;; *************** function _receive *****************
   472 ;; Defined at:
   473 ;;		line 112 in file "RIMS_4_BYTE_RECIEVER.c"
   474 ;; Parameters:    Size  Location     Type
   475 ;;		None
   476 ;; Auto vars:     Size  Location     Type
   477 ;;		None
   478 ;; Return value:  Size  Location     Type
   479 ;;                  1    wreg      unsigned char 
   480 ;; Registers used:
   481 ;;		wreg, status,2
   482 ;; Tracked objects:
   483 ;;		On entry : 0/0
   484 ;;		On exit  : 0/0
   485 ;;		Unchanged: 0/0
   486 ;; Data sizes:     COMRAM   BANK0   BANK1   BANK2   BANK3   BANK4   BANK5
   487 ;;      Params:         0       0       0       0       0       0       0
   488 ;;      Locals:         0       0       0       0       0       0       0
   489 ;;      Temps:          0       0       0       0       0       0       0
   490 ;;      Totals:         0       0       0       0       0       0       0
   491 ;;Total ram usage:        0 bytes
   492 ;; Hardware stack levels used:    1
   493 ;; This function calls:
   494 ;;		Nothing
   495 ;; This function is called by:
   496 ;;		_isr
   497 ;; This function uses a non-reentrant model
   498 ;;
   499                           
   500                           	psect	text4
   501  000122                     __ptext4:
   502                           	opt stack 0
   503  000122                     _receive:
   504                           	opt stack 0
   505  000122  FFFF               	dw	65535	; assembler added errata NOP
   506  000124                     i2l77:
   507  000124  FFFF               	dw	65535	; assembler added errata NOP
   508  000126  AA9E               	btfss	3998,5,c	;volatile
   509  000128  D7FD               	goto	i2l77
   510                           
   511                           ;RIMS_4_BYTE_RECIEVER.c: 116: recv_Dat=RCREG;
   512  00012A  CFAE F017          	movff	4014,_recv_Dat	;volatile
   513                           
   514                           ;RIMS_4_BYTE_RECIEVER.c: 118: return recv_Dat;
   515  00012E  5017               	movf	_recv_Dat,w,c
   516  000130  0012               	return		;funcret
   517  000132  FFFF               	dw	65535	; errata NOP
   518  000134                     __end_of_receive:
   519                           	opt stack 0
   520  000134  FFFF               	dw	65535	; assembler added errata NOP
   521                           pclatu	equ	0xFFB
   522                           pclath	equ	0xFFA
   523                           tblptru	equ	0xFF8
   524                           tblptrh	equ	0xFF7
   525                           tblptrl	equ	0xFF6
   526                           tablat	equ	0xFF5
   527                           prodh	equ	0xFF4
   528                           prodl	equ	0xFF3
   529                           intcon	equ	0xFF2
   530                           postinc0	equ	0xFEE
   531                           fsr0h	equ	0xFEA
   532                           fsr0l	equ	0xFE9
   533                           wreg	equ	0xFE8
   534                           fsr1h	equ	0xFE2
   535                           fsr1l	equ	0xFE1
   536                           indf2	equ	0xFDF
   537                           fsr2h	equ	0xFDA
   538                           fsr2l	equ	0xFD9
   539                           status	equ	0xFD8
   540                           pclatu	equ	0xFFB
   541                           pclath	equ	0xFFA
   542                           tblptru	equ	0xFF8
   543                           tblptrh	equ	0xFF7
   544                           tblptrl	equ	0xFF6
   545                           tablat	equ	0xFF5
   546                           prodh	equ	0xFF4
   547                           prodl	equ	0xFF3
   548                           intcon	equ	0xFF2
   549                           postinc0	equ	0xFEE
   550                           fsr0h	equ	0xFEA
   551                           fsr0l	equ	0xFE9
   552                           wreg	equ	0xFE8
   553                           fsr1h	equ	0xFE2
   554                           fsr1l	equ	0xFE1
   555                           indf2	equ	0xFDF
   556                           fsr2h	equ	0xFDA
   557                           fsr2l	equ	0xFD9
   558                           status	equ	0xFD8
   559                           
   560                           	psect	rparam
   561  0000                     pclatu	equ	0xFFB
   562                           pclath	equ	0xFFA
   563                           tblptru	equ	0xFF8
   564                           tblptrh	equ	0xFF7
   565                           tblptrl	equ	0xFF6
   566                           tablat	equ	0xFF5
   567                           prodh	equ	0xFF4
   568                           prodl	equ	0xFF3
   569                           intcon	equ	0xFF2
   570                           postinc0	equ	0xFEE
   571                           fsr0h	equ	0xFEA
   572                           fsr0l	equ	0xFE9
   573                           wreg	equ	0xFE8
   574                           fsr1h	equ	0xFE2
   575                           fsr1l	equ	0xFE1
   576                           indf2	equ	0xFDF
   577                           fsr2h	equ	0xFDA
   578                           fsr2l	equ	0xFD9
   579                           status	equ	0xFD8
   580                           
   581                           	psect	temp
   582  000018                     btemp:
   583                           	opt stack 0
   584  000018                     	ds	1
   585  0000                     int$flags	set	btemp
   586                           pclatu	equ	0xFFB
   587                           pclath	equ	0xFFA
   588                           tblptru	equ	0xFF8
   589                           tblptrh	equ	0xFF7
   590                           tblptrl	equ	0xFF6
   591                           tablat	equ	0xFF5
   592                           prodh	equ	0xFF4
   593                           prodl	equ	0xFF3
   594                           intcon	equ	0xFF2
   595                           postinc0	equ	0xFEE
   596                           fsr0h	equ	0xFEA
   597                           fsr0l	equ	0xFE9
   598                           wreg	equ	0xFE8
   599                           fsr1h	equ	0xFE2
   600                           fsr1l	equ	0xFE1
   601                           indf2	equ	0xFDF
   602                           fsr2h	equ	0xFDA
   603                           fsr2l	equ	0xFD9
   604                           status	equ	0xFD8


Data Sizes:
    Strings     0
    Constant    0
    Data        0
    BSS         9
    Persistent  0
    Stack       0

Auto Spaces:
    Space          Size  Autos    Used
    COMRAM          126     14      23
    BANK0           128      0       0
    BANK1           256      0       0
    BANK2           256      0       0
    BANK3           256      0       0
    BANK4           256      0       0
    BANK5           256      0       0

Pointer List with Targets:

    None.

Critical Paths under _main in COMRAM

    None.

Critical Paths under _isr in COMRAM

    None.

Critical Paths under _main in BANK0

    None.

Critical Paths under _isr in BANK0

    None.

Critical Paths under _main in BANK1

    None.

Critical Paths under _isr in BANK1

    None.

Critical Paths under _main in BANK2

    None.

Critical Paths under _isr in BANK2

    None.

Critical Paths under _main in BANK3

    None.

Critical Paths under _isr in BANK3

    None.

Critical Paths under _main in BANK4

    None.

Critical Paths under _isr in BANK4

    None.

Critical Paths under _main in BANK5

    None.

Critical Paths under _isr in BANK5

    None.

Call Graph Tables:

 ---------------------------------------------------------------------------------
 (Depth) Function   	        Calls       Base Space   Used Autos Params    Refs
 ---------------------------------------------------------------------------------
 (0) _main                                                 0     0      0       0
                        _Init_Serial
                    _Init_interrupts
 ---------------------------------------------------------------------------------
 (1) _Init_interrupts                                      0     0      0       0
 ---------------------------------------------------------------------------------
 (1) _Init_Serial                                          0     0      0       0
 ---------------------------------------------------------------------------------
 Estimated maximum stack depth 1
 ---------------------------------------------------------------------------------
 (Depth) Function   	        Calls       Base Space   Used Autos Params    Refs
 ---------------------------------------------------------------------------------
 (2) _isr                                                 14    14      0       0
                                              0 COMRAM    14    14      0
                            _receive
 ---------------------------------------------------------------------------------
 (3) _receive                                              0     0      0       0
 ---------------------------------------------------------------------------------
 Estimated maximum stack depth 3
 ---------------------------------------------------------------------------------

 Call Graph Graphs:

 _main (ROOT)
   _Init_Serial
   _Init_interrupts

 _isr (ROOT)
   _receive

 Address spaces:
Name               Size   Autos  Total    Cost      Usage
BIGRAM             5FF      0       0      17        0.0%
EEDATA             100      0       0       0        0.0%
BITBANK5           100      0       0      16        0.0%
BANK5              100      0       0      14        0.0%
BITBANK4           100      0       0      12        0.0%
BANK4              100      0       0      13        0.0%
BITBANK3           100      0       0      10        0.0%
BANK3              100      0       0      11        0.0%
BITBANK2           100      0       0       8        0.0%
BANK2              100      0       0       9        0.0%
BITBANK1           100      0       0       6        0.0%
BANK1              100      0       0       7        0.0%
BITBANK0            80      0       0       4        0.0%
BANK0               80      0       0       5        0.0%
BITCOMRAM           7E      0       0       0        0.0%
COMRAM              7E      E      17       1       18.3%
BITSFR               0      0       0      40        0.0%
SFR                  0      0       0      40        0.0%
STACK                0      0       0       2        0.0%
NULL                 0      0       0       0        0.0%
ABS                  0      0      17      15        0.0%
DATA                 0      0      17       3        0.0%
CODE                 0      0       0       0        0.0%


Microchip Technology PIC18 Macro Assembler V1.38 build -256452561 
Symbol Table                                                                                   Fri Mar 22 15:08:29 2019

                                                                          _i 0013  
                                                                __CFG_BOR$ON 000000  
                                                                         _go 0016  
                                                               __CFG_CP0$OFF 000000  
                                                               __CFG_CP1$OFF 000000  
                                                               __CFG_CP2$OFF 000000  
                                                               __CFG_CP3$OFF 000000  
                                                                __CFG_LVP$ON 000000  
                                                                        l739 00E0  
                                                               __CFG_CPB$OFF 000000  
                                                               __CFG_CPD$OFF 000000  
                                                                        _isr 0008  
                                                               __CFG_BORV$20 000000  
                                                                        prod 000FF3  
                                                                        wreg 000FE8  
                                                               __CFG_WDT$OFF 000000  
                                                                       ?_isr 0001  
                                                                       _RCIF 007CF5  
                                                                       i2l61 006E  
                                                                       i2l62 0076  
                                                                       i2l77 0124  
                                                               __CFG_STVR$ON 000000  
                                                                       _data 0015  
                                                                       _main 00BA  
                                                                       fsr0h 000FEA  
                                                                       fsr1h 000FE2  
                                                                       fsr0l 000FE9  
                                                                       fsr2h 000FDA  
                                                                       fsr1l 000FE1  
                                                                       indf2 000FDF  
                                                                       fsr2l 000FD9  
                                                                       btemp 0018  
                                                                       pclat 000FFA  
                                                                       prodh 000FF4  
                                                                       prodl 000FF3  
                                                                       start 00B6  
                                                               ___param_bank 000010  
                                                              ??_Init_Serial 000F  
                                                              __CFG_OSC$RCIO 000000  
                                                                      ??_isr 0001  
                                                              __CFG_OSCS$OFF 000000  
                                                                      ?_main 0001  
                                                                      _RCREG 000FAE  
                                                                      _RCSTA 000FAB  
                                                                      _SPBRG 000FAF  
                                                                      _PORTA 000F80  
                                                                      _PORTB 000F81  
                                                                      _PORTC 000F82  
                                                                      _PORTD 000F83  
                                                                      _PORTE 000F84  
                                                                      _TRISA 000F92  
                                                                      _TRISB 000F93  
                                                                      _TRISC 000F94  
                                                                      _TRISD 000F95  
                                                                      _TRISE 000F96  
                                                                      _TXREG 000FAD  
                                                              __CFG_PWRT$OFF 000000  
                                                              __CFG_WRT0$OFF 000000  
                                                              __CFG_WRT1$OFF 000000  
                                                              __CFG_WRT2$OFF 000000  
                                                              __CFG_WRT3$OFF 000000  
                                                             __CFG_EBTR0$OFF 000000  
                                                             __CFG_EBTR1$OFF 000000  
                                                             __CFG_EBTR2$OFF 000000  
                                                             __CFG_EBTR3$OFF 000000  
                                                              __CFG_WRTB$OFF 000000  
                                                              __CFG_WRTC$OFF 000000  
                                                              __CFG_WRTD$OFF 000000  
                                                             __CFG_EBTRB$OFF 000000  
                                                            __end_of_receive 0134  
                                                                      tablat 000FF5  
                                                                      status 000FD8  
                                                            __initialization 010C  
                                                               __end_of_main 010C  
                                                                     ??_main 000F  
                                                        __end_of_Init_Serial 0148  
                                                              __activetblptr 000000  
                                                            __CFG_CCP2MUX$ON 000000  
                                                             __CFG_WDTPS$128 000000  
                                                   __size_of_Init_interrupts 000E  
                                                                     clear_0 0112  
                                                                  ??_receive 0001  
                                                                     tblptrh 000FF7  
                                                                     tblptrl 000FF6  
                                                                     tblptru 000FF8  
                                                                 __accesstop 0080  
                                                    __end_of__initialization 0118  
                                                              ___rparam_used 000001  
                                                             __pcstackCOMRAM 0001  
                                                                _Init_Serial 0136  
                                                          ??_Init_interrupts 000F  
                                                                    __Hparam 0000  
                                                                    __Lparam 0000  
                                                                    __pcinit 010C  
                                                                    __ramtop 0600  
                                                                    __ptext0 00BA  
                                                                    __ptext1 0148  
                                                                    __ptext2 0136  
                                                                    __ptext4 0122  
                                                               __size_of_isr 00AE  
                                                                    _rec_dat 000F  
                                                                    _receive 0122  
                                                       end_of_initialization 0118  
                                                                  _RCSTAbits 000FAB  
                                                                    postinc0 000FEE  
                                                                  _TXSTAbits 000FAC  
                                                               ?_Init_Serial 0001  
                                                        start_initialization 010C  
                                                                __end_of_isr 00B6  
                                                            _Init_interrupts 0148  
                                                                __pbssCOMRAM 000F  
                                                                  __pintcode 0008  
                                                                   ?_receive 0001  
                                                    __end_of_Init_interrupts 0156  
                                                                   _PIE1bits 000F9D  
                                                       __size_of_Init_Serial 0012  
                                                                 _ADCON1bits 000FC1  
                                                                   __Hrparam 0000  
                                                                   __Lrparam 0000  
                                                           __size_of_receive 0012  
                                                           ?_Init_interrupts 0001  
                                                              __size_of_main 0052  
                                                                   _recv_Dat 0017  
                                                                   int$flags 0018  
                                                                 _INTCONbits 000FF2  
                                                                   intlevel2 0156  
